<?xml version="1.0" encoding="UTF-8"?>
<!-- Generated by org.testng.reporters.JUnitReportReporter -->
<testsuite skipped="0" hostname="LAPTOP-T10UOK4V" name="demoTestJen.TestJenSel" tests="1" failures="0" timestamp="14 Oct 2017 20:45:43 GMT" time="0.005" errors="0">
  <testcase name="testIt" time="0.005" classname="demoTestJen.TestJenSel"/>
</testsuite> <!-- demoTestJen.TestJenSel -->
